TN:
SF:/home/cwgruss/stash/cwgruss/cwg-color-contrast/packages/core/src/util/color/color.model.ts
FN:9,(anonymous_0)
FN:18,Color
FN:30,(anonymous_2)
FN:100,(anonymous_3)
FN:103,(anonymous_4)
FN:106,(anonymous_5)
FN:110,(anonymous_6)
FN:121,(anonymous_7)
FN:127,(anonymous_8)
FN:131,(anonymous_9)
FN:135,(anonymous_10)
FN:178,isHexValue
FN:185,isRGBValue
FN:192,isRGBAValue
FN:199,isHSLValue
FN:206,hsl
FN:217,rgb
FN:229,isString
FNF:18
FNH:3
FNDA:1,(anonymous_0)
FNDA:1,Color
FNDA:0,(anonymous_2)
FNDA:0,(anonymous_3)
FNDA:0,(anonymous_4)
FNDA:0,(anonymous_5)
FNDA:0,(anonymous_6)
FNDA:0,(anonymous_7)
FNDA:0,(anonymous_8)
FNDA:0,(anonymous_9)
FNDA:0,(anonymous_10)
FNDA:0,isHexValue
FNDA:0,isRGBValue
FNDA:0,isRGBAValue
FNDA:0,isHSLValue
FNDA:0,hsl
FNDA:0,rgb
FNDA:1,isString
DA:1,1
DA:2,1
DA:3,1
DA:4,1
DA:9,1
DA:24,1
DA:25,0
DA:26,0
DA:27,0
DA:28,0
DA:29,0
DA:30,0
DA:33,0
DA:34,0
DA:35,0
DA:36,0
DA:40,0
DA:41,0
DA:42,0
DA:43,0
DA:44,0
DA:46,0
DA:47,0
DA:48,0
DA:49,0
DA:50,0
DA:51,0
DA:53,0
DA:54,0
DA:55,0
DA:56,0
DA:57,0
DA:58,0
DA:59,0
DA:60,0
DA:61,0
DA:62,0
DA:63,0
DA:64,0
DA:65,0
DA:66,0
DA:67,0
DA:68,0
DA:69,0
DA:70,0
DA:71,0
DA:72,0
DA:73,0
DA:74,0
DA:75,0
DA:76,0
DA:78,0
DA:79,0
DA:80,0
DA:81,0
DA:84,0
DA:85,0
DA:86,0
DA:87,0
DA:88,0
DA:89,0
DA:93,1
DA:94,1
DA:95,1
DA:96,1
DA:100,1
DA:101,0
DA:103,1
DA:104,0
DA:106,1
DA:107,0
DA:110,1
DA:111,0
DA:112,0
DA:113,0
DA:115,0
DA:116,0
DA:117,0
DA:118,0
DA:121,1
DA:122,0
DA:123,0
DA:124,0
DA:127,1
DA:128,0
DA:131,1
DA:132,0
DA:135,1
DA:137,0
DA:138,0
DA:139,0
DA:142,0
DA:143,0
DA:146,0
DA:147,0
DA:148,0
DA:149,0
DA:152,0
DA:153,0
DA:154,0
DA:155,0
DA:156,0
DA:157,0
DA:159,0
DA:162,0
DA:163,0
DA:166,0
DA:169,0
DA:171,0
DA:172,0
DA:174,0
DA:176,1
DA:178,1
DA:179,0
DA:180,0
DA:182,0
DA:185,1
DA:186,0
DA:187,0
DA:189,0
DA:192,1
DA:193,0
DA:194,0
DA:196,0
DA:199,1
DA:200,0
DA:201,0
DA:203,0
DA:206,1
DA:209,0
DA:210,0
DA:217,1
DA:220,0
DA:222,0
DA:230,1
LF:135
LH:26
BRDA:24,0,0,0
BRDA:24,0,1,1
BRDA:26,1,0,0
BRDA:26,1,1,0
BRDA:28,2,0,0
BRDA:28,2,1,0
BRDA:40,3,0,0
BRDA:40,3,1,0
BRDA:53,4,0,0
BRDA:53,4,1,0
BRDA:53,5,0,0
BRDA:53,5,1,0
BRDA:57,6,0,0
BRDA:57,6,1,0
BRDA:57,7,0,0
BRDA:57,7,1,0
BRDA:61,8,0,0
BRDA:61,8,1,0
BRDA:61,9,0,0
BRDA:61,9,1,0
BRDA:65,10,0,0
BRDA:65,10,1,0
BRDA:65,11,0,0
BRDA:65,11,1,0
BRDA:69,12,0,0
BRDA:69,12,1,0
BRDA:69,13,0,0
BRDA:69,13,1,0
BRDA:73,14,0,0
BRDA:73,14,1,0
BRDA:73,15,0,0
BRDA:73,15,1,0
BRDA:84,16,0,0
BRDA:84,16,1,0
BRDA:84,17,0,0
BRDA:84,17,1,0
BRDA:89,18,0,0
BRDA:89,18,1,0
BRDA:96,19,0,1
BRDA:96,19,1,1
BRDA:115,20,0,0
BRDA:115,20,1,0
BRDA:116,21,0,0
BRDA:116,21,1,0
BRDA:117,22,0,0
BRDA:117,22,1,0
BRDA:123,23,0,0
BRDA:123,23,1,0
BRDA:152,24,0,0
BRDA:152,24,1,0
BRDA:154,25,0,0
BRDA:154,25,1,0
BRDA:156,26,0,0
BRDA:156,26,1,0
BRDA:163,27,0,0
BRDA:163,27,1,0
BRDA:169,28,0,0
BRDA:169,28,1,0
BRDA:179,29,0,0
BRDA:179,29,1,0
BRDA:186,30,0,0
BRDA:186,30,1,0
BRDA:193,31,0,0
BRDA:193,31,1,0
BRDA:200,32,0,0
BRDA:200,32,1,0
BRF:66
BRH:3
end_of_record
TN:
SF:/home/cwgruss/stash/cwgruss/cwg-color-contrast/packages/core/src/util/color/color.test.ts
FN:5,(anonymous_0)
FN:6,(anonymous_1)
FN:7,(anonymous_2)
FNF:3
FNH:3
FNDA:1,(anonymous_0)
FNDA:1,(anonymous_1)
FNDA:1,(anonymous_2)
DA:1,1
DA:2,1
DA:5,1
DA:6,1
DA:7,1
DA:8,1
DA:9,1
LF:7
LH:7
BRF:0
BRH:0
end_of_record
